<?xml version="1.0" encoding="UTF-8" ?>
<testsuite failures="0" time="0.34" errors="0" skipped="0" tests="8" name="com.softtest.hotel.AllTest">
  <properties>
[...]
</properties>
  <testcase time="0.03" classname="com.softtest.hotel.InHotelTestUsingEasyMock" name="testInSuccess"/>
  <testcase time="0" classname="com.softtest.hotel.InHotelTestUsingEasyMock" name="testInFailure"/>
  <testcase time="0.029" classname="com.softtest.hotel.InHotelTestUsingJMock" name="testInSuccess"/>
  <testcase time="0.01" classname="com.softtest.hotel.InHotelTestUsingJMock" name="testInFailure"/>
  <testcase time="0.045" classname="com.softtest.hotel.ListHomeTestUsingEasyMock" name="testSearchWhenAllRoomIsEmpty"/>
  <testcase time="0.024" classname="com.softtest.hotel.ListHomeTestUsingEasyMock" name="testSearchWhenRoom101IsNotEmpty"/>
  <testcase time="0.03" classname="com.softtest.hotel.ListHomeTestUsingJMock" name="testSearchWhenAllRoomIsEmpty"/>
  <testcase time="0.172" classname="com.softtest.hotel.MainRunTestUsingEasyMock" name="testCommand"/>
</testsuite>